<?xml version="1.0" encoding="UTF-8"?>
<testng-results skipped="0" failed="0" ignored="0" total="1" passed="1">
  <reporter-output>
  </reporter-output>
  <suite name="Suite" duration-ms="4025" started-at="2021-07-26T21:23:39 AEST" finished-at="2021-07-26T21:23:43 AEST">
    <groups>
    </groups>
    <test name="Test" duration-ms="4025" started-at="2021-07-26T21:23:39 AEST" finished-at="2021-07-26T21:23:43 AEST">
      <class name="websitehosting.cicdautomation.wh_test1">
        <test-method status="PASS" signature="test1()[pri:0, instance:websitehosting.cicdautomation.wh_test1@71318ec4]" name="test1" duration-ms="3962" started-at="2021-07-26T21:23:39 AEST" finished-at="2021-07-26T21:23:43 AEST">
          <reporter-output>
          </reporter-output>
        </test-method> <!-- test1 -->
      </class> <!-- websitehosting.cicdautomation.wh_test1 -->
    </test> <!-- Test -->
  </suite> <!-- Suite -->
</testng-results>
