<?xml version="1.0" encoding="UTF-8"?>
<testng-results skipped="0" failed="0" ignored="0" total="1" passed="1">
  <reporter-output>
  </reporter-output>
  <suite name="Default suite" duration-ms="3229" started-at="2021-07-26T21:20:24 AEST" finished-at="2021-07-26T21:20:27 AEST">
    <groups>
    </groups>
    <test name="Default test" duration-ms="3229" started-at="2021-07-26T21:20:24 AEST" finished-at="2021-07-26T21:20:27 AEST">
      <class name="websitehosting.cicdautomation.wh_test1">
        <test-method status="PASS" signature="test1()[pri:0, instance:websitehosting.cicdautomation.wh_test1@711f39f9]" name="test1" duration-ms="3152" started-at="2021-07-26T21:20:24 AEST" finished-at="2021-07-26T21:20:27 AEST">
          <reporter-output>
          </reporter-output>
        </test-method> <!-- test1 -->
      </class> <!-- websitehosting.cicdautomation.wh_test1 -->
    </test> <!-- Default test -->
  </suite> <!-- Default suite -->
</testng-results>
